fitness orig_fitness
0.003054662379421222 285
node
0 input [] [0, 1]
1 input [] [2, 3]
2 input [] [4, 5]
3 input [] [6, 7]
4 input [] [8, 9]
5 output [0, 2, 4, 6, 8] []
6 output [1, 3, 5, 7, 9] []
gene
1 0 5 -0.015471939499998588 False 0
2 0 6 -0.643820301855088 False 0
3 1 5 -1.1355545805009166 False 0
4 1 6 -0.7159493802095347 False 0
5 2 5 -0.44747301892982116 False 0
6 2 6 -1.2029676618924565 False 0
7 3 5 -1.0404697067352324 False 0
8 3 6 0.05345373073395843 False 0
9 4 5 -0.7568839626443624 False 0
10 4 6 0.5411143706521169 False 0
