fitness orig_fitness
1.358695652173913 100000
node
0 input [] [0, 1]
1 input [] [2, 3]
2 input [] [4, 5]
3 input [] [6, 7]
4 input [] [8, 9]
5 output [0, 2, 4, 6, 8] []
6 output [1, 3, 5, 7, 9] []
gene
1 0 5 -2.7682474358081732 False True
2 0 6 -5.712779318544873 False True
3 1 5 -4.101996144058726 False True
4 1 6 -2.1266667017609793 False True
5 2 5 -1.080568655343813 False True
6 2 6 -1.361630410461637 False True
7 3 5 -2.405024255013953 False True
8 3 6 -0.5178280835958684 False True
9 4 5 -5.340457466500256 False True
10 4 6 -3.2396979124614793 False True
