fitness orig_fitness
1.3106159895150722 100000
node
0 input [] [0, 1]
1 input [] [2, 3]
2 input [] [4, 5]
3 input [] [6, 7]
4 input [] [8, 9]
5 output [0, 2, 4, 6, 8] []
6 output [1, 3, 5, 7, 9] []
7 hidden [] []
gene
1 0 5 0.21142918080060347 False True
2 0 6 -3.8150830939276537 False False
3 1 5 -4.101996144058726 False True
4 1 6 -0.6564249803331252 False True
5 2 5 -0.9801404568620227 False True
6 2 6 -1.361630410461637 False True
7 3 5 -2.405024255013953 False True
8 3 6 -0.5178280835958684 False True
9 4 5 -5.340457466500256 False True
10 4 6 -2.3368615939559927 False True
5 0 7 1.0 False True
6 7 6 1.0 False True
