fitness orig_fitness
0.8880407124681934 698
node
0 input [] [0, 1]
1 input [] [2, 3]
2 input [] [4, 5]
3 input [] [6, 7]
4 input [] [8, 9]
5 output [0, 2, 4, 6, 8] []
6 output [1, 3, 5, 7, 9] []
7 hidden [] []
8 hidden [] []
gene
1 0 5 -0.71971950082873 False 0
2 0 6 -2.205861380445833 False 0
3 1 5 -0.6763806052137398 False 0
4 1 6 -1.3422770408302303 False 0
5 2 5 -2.522864180607929 False 0
6 2 6 -1.924090396856137 False 0
7 3 5 -2.6018158258364066 False 0
8 3 6 -0.7779596270160638 False 0
9 4 5 -1.091995410451305 False 0
10 4 6 0.019302164110337694 False 0
15 0 7 1.0 False 0
16 7 6 1.0 False 0
8 0 8 1.0 False 0
9 8 5 1.0 False 0
