fitness orig_fitness
395.5 2373
node
0 input [] [0, 1]
1 input [] [2, 3]
2 input [] [4, 5]
3 input [] [6, 7]
4 input [] [8, 9]
5 output [0, 2, 4, 6, 8] []
6 output [1, 3, 5, 7, 9] []
gene
1 0 5 -5.065013242193894 False True
2 0 6 -7.574964395094678 False True
3 1 5 -1.326501870899028 False True
4 1 6 -8.0 False True
5 2 5 -4.334576158701566 False True
6 2 6 -0.18156079030172023 False True
7 3 5 -8.0 False True
8 3 6 -1.2524150044092441 False True
9 4 5 -2.430725282390617 False True
10 4 6 -1.7111618292471265 False True
