fitness orig_fitness
1.297016861219196 100000
node
0 input [] [0, 1]
1 input [] [2, 3]
2 input [] [4, 5]
3 input [] [6, 7]
4 input [] [8, 9]
5 output [0, 2, 4, 6, 8] []
6 output [1, 3, 5, 7, 9] []
7 hidden [] []
gene
1 0 5 0.1424912338248614 False True
2 0 6 -7.02136493437803 False False
3 1 5 -0.7204731932134594 False True
4 1 6 -2.1169272546474773 False True
5 2 5 -1.725861595456253 False True
6 2 6 1.2844628532956266 False True
7 3 5 -8.0 False True
8 3 6 0.3602601478772789 False True
9 4 5 -8.0 False True
10 4 6 -3.1785552319435424 False True
15 0 7 1.0 False True
16 7 6 1.0 False True
