fitness orig_fitness
0.014347258485639686 1099
node
0 input [] [0, 1]
1 input [] [2, 3]
2 input [] [4, 5]
3 input [] [6, 7]
4 input [] [8, 9]
5 output [0, 2, 4, 6, 8] []
6 output [1, 3, 5, 7, 9] []
gene
1 0 5 0.6020756354098562 False True
2 0 6 -1.7557723951016224 False True
3 1 5 -2.023244864080173 False True
4 1 6 -0.5496672732218099 False True
5 2 5 -6.111094661099537 False True
6 2 6 -0.5284778341426586 False True
7 3 5 -8.0 False True
8 3 6 0.15500199187029984 False True
9 4 5 -3.042915018253019 False True
10 4 6 -1.0279559684944586 False True
3 6 6 -1.1819868609464028 True True
