fitness orig_fitness
3.016839378238342 2329
node
0 input [] [0, 1]
1 input [] [2, 3]
2 input [] [4, 5]
3 input [] [6, 7]
4 input [] [8, 9]
5 output [0, 2, 4, 6, 8] []
6 output [1, 3, 5, 7, 9] []
7 hidden [] []
gene
1 0 5 -0.6732840645538922 False True
2 0 6 -2.9206423469505394 False True
3 1 5 -1.9996706962732933 False True
4 1 6 0.598531633681662 False True
5 2 5 -4.345244154786055 False True
6 2 6 -3.186018637536847 False True
7 3 5 -4.920379301679322 False True
8 3 6 -1.1997348502741905 False False
9 4 5 -2.6016410692994842 False True
10 4 6 -2.2308548694794728 False True
1 3 7 1.0 False True
2 7 6 1.0 False True
