fitness orig_fitness
0.0183433734939759 1218
node
0 input [] [0, 1]
1 input [] [2, 3]
2 input [] [4, 5]
3 input [] [6, 7]
4 input [] [8, 9]
5 output [0, 2, 4, 6, 8] []
6 output [1, 3, 5, 7, 9] []
gene
1 0 5 0.5017575491316659 False True
2 0 6 -0.8873648692397738 False True
3 1 5 -1.2781480764071722 False True
4 1 6 -1.0747581227155307 False True
5 2 5 -0.9762532251065396 False True
6 2 6 -0.9879712548963919 False True
7 3 5 -2.524407231517095 False True
8 3 6 -1.1517057582325614 False True
9 4 5 -0.3161019063834538 False True
10 4 6 1.0760082152301544 False True
