fitness orig_fitness
1.4337349397590362 238
node
0 input [] [0, 1]
1 input [] [2, 3]
2 input [] [4, 5]
3 input [] [6, 7]
4 input [] [8, 9]
5 output [0, 2, 4, 6, 8] []
6 output [1, 3, 5, 7, 9] []
gene
1 0 5 -0.06101558640686888 False True
2 0 6 -1.2339965721267976 False True
3 1 5 0.36505752307216643 False True
4 1 6 0.2734966481015666 False True
5 2 5 -0.3687582133029286 False True
6 2 6 -0.879189766904009 False True
7 3 5 -2.1398799193710345 False True
8 3 6 0.325304647617924 False True
9 4 5 -1.0828055973802941 False True
10 4 6 -0.013261615807571792 False True
