fitness orig_fitness
0.002214983713355049 204
node
0 input [] [0, 1]
1 input [] [2, 3]
2 input [] [4, 5]
3 input [] [6, 7]
4 input [] [8, 9]
5 output [0, 2, 4, 6, 8] []
6 output [1, 3, 5, 7, 9] []
gene
1 0 5 -0.6860930655754622 False 0
2 0 6 -2.8328305379971646 False 0
3 1 5 0.1761133639428949 False 0
4 1 6 -0.505783988699313 False 0
5 2 5 -2.3978403260828944 False 0
6 2 6 -0.9922642347058686 False 0
7 3 5 -1.8632904609052339 False 0
8 3 6 0.06450096263723659 False 0
9 4 5 -2.6413708487206344 False 0
10 4 6 -1.230193651471367 False 0
