fitness orig_fitness
0.2414758269720102 18980
node
0 input [] [0, 1]
1 input [] [2, 3]
2 input [] [4, 5]
3 input [] [6, 7]
4 input [] [8, 9]
5 output [0, 2, 4, 6, 8] []
6 output [1, 3, 5, 7, 9] []
gene
1 0 5 -1.1945118327579283 False True
2 0 6 -2.3132363820805946 False True
3 1 5 -0.5483919429815654 False True
4 1 6 -4.381847796428848 False True
5 2 5 -3.5352405179881585 False True
6 2 6 -1.2232594664683942 False True
7 3 5 -6.319803174612907 False True
8 3 6 -1.4720190514390303 False True
9 4 5 -2.767576225749196 False True
10 4 6 -0.9937778973500829 False True
28 6 5 -0.5998507045685163 True True
