fitness orig_fitness
9.446153846153846 614
node
0 input [] [0, 1]
1 input [] [2, 3]
2 input [] [4, 5]
3 input [] [6, 7]
4 input [] [8, 9]
5 output [0, 2, 4, 6, 8] []
6 output [1, 3, 5, 7, 9] []
gene
1 0 5 0.8027800702976899 False 0
2 0 6 -1.3515566390970823 False 0
3 1 5 -1.5518391752123728 False 0
4 1 6 -2.5433451114890055 False 0
5 2 5 -2.2209646896921718 False 0
6 2 6 -1.7905392963562918 False 0
7 3 5 -2.9080004285829566 False 0
8 3 6 -0.8631926189433767 False 0
9 4 5 -2.7360538132454177 False 0
10 4 6 0.2962453614106688 False 0
