fitness orig_fitness
0.011025641025641025 903
node
0 input [] [0, 1]
1 input [] [2, 3]
2 input [] [4, 5]
3 input [] [6, 7]
4 input [] [8, 9]
5 output [0, 2, 4, 6, 8] []
6 output [1, 3, 5, 7, 9] []
gene
1 0 5 -0.11463677374111558 False True
2 0 6 -0.7438959174673154 False True
3 1 5 -1.6880763354521338 False True
4 1 6 -1.1440320755774978 False True
5 2 5 0.12019717909694849 False True
6 2 6 0.5769882893323124 False True
7 3 5 -1.715704440676573 False True
8 3 6 -0.4541603214328743 False True
9 4 5 -1.3925278124240987 False True
10 4 6 -1.1174601454354343 False True
