fitness orig_fitness
0.15186615186615188 118
node
0 input [] [0, 1]
1 input [] [2, 3]
2 input [] [4, 5]
3 input [] [6, 7]
4 input [] [8, 9]
5 output [0, 2, 4, 6, 8] []
6 output [1, 3, 5, 7, 9] []
7 hidden [] []
gene
1 0 5 -3.0297775745526527 False 0
2 0 6 -5.470023227306671 False 0
3 1 5 -3.0885707354128513 False 0
4 1 6 -2.055731846079717 False 0
5 2 5 1.6459480966416158 False 0
6 2 6 -1.6046463824232715 False 0
7 3 5 -3.003591991033577 False 0
8 3 6 -2.0116011911653104 False 0
9 4 5 -3.7672987790466967 False 0
10 4 6 -2.250973631749499 False 0
7 4 7 1.0 False 0
8 7 6 1.0 False 0
