fitness orig_fitness
1.1750881316098707 100000
node
0 input [] [0, 1]
1 input [] [2, 3]
2 input [] [4, 5]
3 input [] [6, 7]
4 input [] [8, 9]
5 output [0, 2, 4, 6, 8] []
6 output [1, 3, 5, 7, 9] []
gene
1 0 5 -0.32350456939884076 False 0
2 0 6 -1.729616481845544 False 0
3 1 5 0.5204086490413566 False 0
4 1 6 0.9190635186909775 False 0
5 2 5 -2.2389394962661124 False 0
6 2 6 -2.01001670901826 False 0
7 3 5 -2.4953967142289932 False 0
8 3 6 -0.8579817575066156 False 0
9 4 5 -1.12396311702637 False 0
10 4 6 0.051346409585943054 False 0
