fitness orig_fitness
35.888888888888886 323
node
0 input [] [0, 1]
1 input [] [2, 3]
2 input [] [4, 5]
3 input [] [6, 7]
4 input [] [8, 9]
5 output [0, 2, 4, 6, 8] []
6 output [1, 3, 5, 7, 9] []
gene
1 0 5 -1.334429278412193 False True
2 0 6 -1.5679841532105603 False True
3 1 5 -0.5674336369214283 False True
4 1 6 -7.346053459262425 False True
5 2 5 -3.6198185501492794 False True
6 2 6 -2.9327517905318734 False True
7 3 5 -5.9293731903947 False True
8 3 6 -0.8163160579938387 False True
9 4 5 -3.0377851227429895 False True
10 4 6 -2.1630559005228966 False True
