fitness orig_fitness
0.001959619952494062 165
node
0 input [] [0, 1]
1 input [] [2, 3]
2 input [] [4, 5]
3 input [] [6, 7]
4 input [] [8, 9]
5 output [0, 2, 4, 6, 8] []
6 output [1, 3, 5, 7, 9] []
gene
1 0 5 -0.48519835176928927 False True
2 0 6 -0.9908408467342127 False True
3 1 5 -1.951318956490024 False True
4 1 6 -3.724117768454379 False True
5 2 5 -0.9170155751206419 False True
6 2 6 -0.06517165511297807 False True
7 3 5 -1.004794479711281 False True
8 3 6 0.8271227387316584 False True
9 4 5 -3.113834857819143 False True
10 4 6 -2.962152912134578 False True
