fitness orig_fitness
38.6 193
node
0 input [] [0, 1]
1 input [] [2, 3]
2 input [] [4, 5]
3 input [] [6, 7]
4 input [] [8, 9]
5 output [0, 2, 4, 6, 8] []
6 output [1, 3, 5, 7, 9] []
gene
1 0 5 -0.5720218467532461 False True
2 0 6 -1.4278239721749117 False True
3 1 5 -2.2001490223417566 False True
4 1 6 -5.527649844587577 False True
5 2 5 -3.938487031411995 False True
6 2 6 -5.4006923323268055 False True
7 3 5 -6.243608372863413 False True
8 3 6 -0.7031404794996525 False True
9 4 5 -7.168560867028912 False True
10 4 6 -1.9278051771403908 False True
