fitness orig_fitness
2.0127659574468084 473
node
0 input [] [0, 1]
1 input [] [2, 3]
2 input [] [4, 5]
3 input [] [6, 7]
4 input [] [8, 9]
5 output [0, 2, 4, 6, 8] []
6 output [1, 3, 5, 7, 9] []
gene
1 0 5 -1.3355816578546003 False 0
2 0 6 -2.3839999886886645 False 0
3 1 5 -1.8553797311228102 False 0
4 1 6 -1.045712632743648 False 0
5 2 5 -3.130719260868364 False 0
6 2 6 -2.012772899798022 False 0
7 3 5 -1.4884305043207218 False 0
8 3 6 -0.07224249211629075 False 0
9 4 5 -0.7815193859690432 False 0
10 4 6 -0.3035776955581768 False 0
