fitness orig_fitness
51.0 255
node
0 input [] [0, 1]
1 input [] [2, 3]
2 input [] [4, 5]
3 input [] [6, 7]
4 input [] [8, 9]
5 output [0, 2, 4, 6, 8] []
6 output [1, 3, 5, 7, 9] []
gene
1 0 5 -1.2329350748626664 False True
2 0 6 -3.9195972431475843 False True
3 1 5 -3.2914161951672507 False True
4 1 6 0.08553973318121111 False True
5 2 5 -2.9225854350506095 False True
6 2 6 -4.151679260287519 False True
7 3 5 -2.147259039110284 False True
8 3 6 0.9940160100972386 False True
9 4 5 -0.6117953568448464 False True
10 4 6 -0.1651863054018743 False True
