fitness orig_fitness
80.8 808
node
0 input [] [0, 1]
1 input [] [2, 3]
2 input [] [4, 5]
3 input [] [6, 7]
4 input [] [8, 9]
5 output [0, 2, 4, 6, 8] []
6 output [1, 3, 5, 7, 9] []
gene
1 0 5 -1.7133448654193095 False True
2 0 6 -6.927729602786796 False True
3 1 5 -2.8522415682611424 False True
4 1 6 -1.6142936252597666 False True
5 2 5 -6.0587675370635194 False True
6 2 6 -2.3836586110708815 False True
7 3 5 -8.0 False True
8 3 6 -3.1625736901262353 False True
9 4 5 -1.6936134406349925 False True
10 4 6 -0.9422822875168804 False True
