fitness orig_fitness
10.91891891891892 404
node
0 input [] [0, 1]
1 input [] [2, 3]
2 input [] [4, 5]
3 input [] [6, 7]
4 input [] [8, 9]
5 output [0, 2, 4, 6, 8] []
6 output [1, 3, 5, 7, 9] []
gene
1 0 5 0.9444372929467761 False 0
2 0 6 -1.829866627043589 False 0
3 1 5 -1.0949999045820498 False 0
4 1 6 -2.937536030483287 False 0
5 2 5 -1.820381501632994 False 0
6 2 6 -1.4189363443823617 False 0
7 3 5 -5.7520484576901065 False 0
8 3 6 -1.6420172429528024 False 0
9 4 5 -1.6663085051735527 False 0
10 4 6 0.17451790635183917 False 0
