fitness orig_fitness
0.04649606299212598 3543
node
0 input [] [0, 1]
1 input [] [2, 3]
2 input [] [4, 5]
3 input [] [6, 7]
4 input [] [8, 9]
5 output [0, 2, 4, 6, 8] []
6 output [1, 3, 5, 7, 9] []
7 hidden [] []
gene
1 0 5 -2.844783724505948 False True
2 0 6 -6.614314593380832 False True
3 1 5 -1.0367401019215017 False True
4 1 6 -3.0458865430434336 False True
5 2 5 -2.3883816118854155 False True
6 2 6 0.5703764901138548 False False
7 3 5 -8.0 False True
8 3 6 -0.6494173568381313 False True
9 4 5 -1.9622192759418708 False True
10 4 6 -0.8375923860835697 False True
17 2 7 1.0 False True
18 7 6 1.0 False True
