fitness orig_fitness
1.2642225031605563 100000
node
0 input [] [0, 1]
1 input [] [2, 3]
2 input [] [4, 5]
3 input [] [6, 7]
4 input [] [8, 9]
5 output [0, 2, 4, 6, 8] []
6 output [1, 3, 5, 7, 9] []
gene
1 0 5 -0.3256722943999987 False True
2 0 6 -8.0 False True
3 1 5 -8.0 False True
4 1 6 -2.2540593986001594 False True
5 2 5 -1.357387616612748 False True
6 2 6 -2.0255964949496916 False True
7 3 5 -4.495223670059328 False True
8 3 6 0.749514119403931 False True
9 4 5 -4.175174866762179 False True
10 4 6 -1.4812970431154167 False True
