fitness orig_fitness
87.41666666666667 2098
node
0 input [] [0, 1]
1 input [] [2, 3]
2 input [] [4, 5]
3 input [] [6, 7]
4 input [] [8, 9]
5 output [0, 2, 4, 6, 8] []
6 output [1, 3, 5, 7, 9] []
gene
1 0 5 -2.539896771057473 False True
2 0 6 -3.8374205730953794 False True
3 1 5 -0.6061833852114767 False True
4 1 6 -2.1063357471887567 False True
5 2 5 -2.056076168586257 False True
6 2 6 -1.0258571606472706 False True
7 3 5 -2.8208901526777113 False True
8 3 6 -1.0705944614872138 False True
9 4 5 -2.7464270771602095 False True
10 4 6 -2.0681485256729593 False True
