fitness orig_fitness
0.017640449438202248 1413
node
0 input [] [0, 1]
1 input [] [2, 3]
2 input [] [4, 5]
3 input [] [6, 7]
4 input [] [8, 9]
5 output [0, 2, 4, 6, 8] []
6 output [1, 3, 5, 7, 9] []
7 hidden [] []
gene
1 0 5 -1.115153819089076 False True
2 0 6 -7.141397428744615 False False
3 1 5 -2.218135281368249 False True
4 1 6 -3.186393591820966 False True
5 2 5 -3.712857223435084 False True
6 2 6 -1.5823570943289544 False True
7 3 5 -7.90185617067874 False True
8 3 6 -1.6882897535549213 False True
9 4 5 -5.296525052078451 False True
10 4 6 -0.22954526640762207 False True
0 0 7 1.0 False True
1 7 6 1.0 False True
