fitness orig_fitness
180.5 722
node
0 input [] [0, 1]
1 input [] [2, 3]
2 input [] [4, 5]
3 input [] [6, 7]
4 input [] [8, 9]
5 output [0, 2, 4, 6, 8] []
6 output [1, 3, 5, 7, 9] []
gene
1 0 5 -4.8575621303321945 False True
2 0 6 -7.764086545337495 False True
3 1 5 -3.049502176400143 False True
4 1 6 -0.73919954778241 False True
5 2 5 -4.0387805827909595 False True
6 2 6 -2.069224310905304 False True
7 3 5 -8.0 False True
8 3 6 -3.845868611508397 False True
9 4 5 -0.7386379198741945 False True
10 4 6 -0.25207143245299335 False True
