fitness orig_fitness
0.02161764705882353 1323
node
0 input [] [0, 1]
1 input [] [2, 3]
2 input [] [4, 5]
3 input [] [6, 7]
4 input [] [8, 9]
5 output [0, 2, 4, 6, 8] []
6 output [1, 3, 5, 7, 9] []
gene
1 0 5 -0.37442650776595443 False 0
2 0 6 -1.6708834734523654 False 0
3 1 5 -1.2359917620250163 False 0
4 1 6 0.18822341039422552 False 0
5 2 5 -1.7818581627828372 False 0
6 2 6 -1.57610094297451 False 0
7 3 5 -2.2294136355994114 False 0
8 3 6 -0.9203812799985734 False 0
9 4 5 -1.299047629237927 False 0
10 4 6 -1.0313068309776212 False 0
