fitness orig_fitness
1.3245033112582782 100000
node
0 input [] [0, 1]
1 input [] [2, 3]
2 input [] [4, 5]
3 input [] [6, 7]
4 input [] [8, 9]
5 output [0, 2, 4, 6, 8] []
6 output [1, 3, 5, 7, 9] []
7 hidden [] []
gene
1 0 5 1.0329803343920752 False True
2 0 6 -0.7978189925915335 False True
3 1 5 -1.4614498922632326 False True
4 1 6 -7.847229464630224 False True
5 2 5 -4.785234845079403 False True
6 2 6 -0.8576768664980668 False True
7 3 5 -5.029030507305986 False True
8 3 6 -1.354461393936895 False True
9 4 5 -6.739992949078843 False True
10 4 6 -1.8464749359404076 False False
7 4 7 1.0 False True
8 7 6 1.0 False True
