fitness orig_fitness
0.006922060766182299 524
node
0 input [] [0, 1]
1 input [] [2, 3]
2 input [] [4, 5]
3 input [] [6, 7]
4 input [] [8, 9]
5 output [0, 2, 4, 6, 8] []
6 output [1, 3, 5, 7, 9] []
7 hidden [] []
8 hidden [] []
gene
1 0 5 -0.7662454070407607 False True
2 0 6 -3.9852888087893317 False True
3 1 5 -2.280804813479128 False False
4 1 6 -2.332682212584066 False True
5 2 5 -0.33932713834386685 False True
6 2 6 -0.6935488399135987 False True
7 3 5 -5.487786945240909 False True
8 3 6 -4.018525616957664 False True
9 4 5 -5.5180405221596995 False False
10 4 6 -0.986424803252612 False True
7 4 7 -3.2838703259023116 False True
8 7 5 0.9050900340501933 False True
6 1 8 1.0 False True
7 8 5 1.0 False True
