fitness orig_fitness
76.36363636363636 10920
node
0 input [] [0, 1]
1 input [] [2, 3]
2 input [] [4, 5]
3 input [] [6, 7]
4 input [] [8, 9]
5 output [0, 2, 4, 6, 8] []
6 output [1, 3, 5, 7, 9] []
gene
1 0 5 0.8311086974967938 False 0
2 0 6 0.22863093517523758 False 0
3 1 5 -0.0806250009226549 False 0
4 1 6 -1.3781420172405614 False 0
5 2 5 -2.145359368623379 False 0
6 2 6 -1.4389347215580137 False 0
7 3 5 -2.0816991390267745 False 0
8 3 6 -0.40340147620972877 False 0
9 4 5 -1.5806695193623472 False 0
10 4 6 -1.3957951735732408 False 0
