fitness orig_fitness
0.01822997416020672 1411
node
0 input [] [0, 1]
1 input [] [2, 3]
2 input [] [4, 5]
3 input [] [6, 7]
4 input [] [8, 9]
5 output [0, 2, 4, 6, 8] []
6 output [1, 3, 5, 7, 9] []
gene
1 0 5 0.550122535888427 False 0
2 0 6 -1.5049886891359343 False 0
3 1 5 -0.29747232915027677 False 0
4 1 6 -0.24117929597105336 False 0
5 2 5 -1.7761565721697132 False 0
6 2 6 -1.1770107806020653 False 0
7 3 5 -2.3229368138386253 False 0
8 3 6 0.39977416870111115 False 0
9 4 5 -1.3885952958168843 False 0
10 4 6 -0.5127028101447189 False 0
